C:\USERS\AMICHAI\DOCUMENTS\VISUAL STUDIO 2010\PROJECTS\OPENPADPROJECT\COMPUTATIONALPHYSICSMODULES\DEBUG\.NETFRAMEWORK,VERSION=V4.0.ASSEMBLYATTRIBUTES.OBJ
C:\USERS\AMICHAI\DOCUMENTS\VISUAL STUDIO 2010\PROJECTS\OPENPADPROJECT\COMPUTATIONALPHYSICSMODULES\DEBUG\APP.RES
C:\USERS\AMICHAI\DOCUMENTS\VISUAL STUDIO 2010\PROJECTS\OPENPADPROJECT\COMPUTATIONALPHYSICSMODULES\DEBUG\ASSEMBLYINFO.OBJ
C:\Users\Amichai\Documents\Visual Studio 2010\Projects\OpenPadProject\ComputationalPhysicsModules\Debug\cl.command.1.tlog
C:\Users\Amichai\Documents\Visual Studio 2010\Projects\OpenPadProject\ComputationalPhysicsModules\Debug\CL.read.1.tlog
C:\Users\Amichai\Documents\Visual Studio 2010\Projects\OpenPadProject\ComputationalPhysicsModules\Debug\CL.write.1.tlog
C:\USERS\AMICHAI\DOCUMENTS\VISUAL STUDIO 2010\PROJECTS\OPENPADPROJECT\COMPUTATIONALPHYSICSMODULES\DEBUG\COMPUTATIONALPHYSICSMODULES.DLL.INTERMEDIATE.MANIFEST
C:\USERS\AMICHAI\DOCUMENTS\VISUAL STUDIO 2010\PROJECTS\OPENPADPROJECT\COMPUTATIONALPHYSICSMODULES\DEBUG\COMPUTATIONALPHYSICSMODULES.OBJ
C:\USERS\AMICHAI\DOCUMENTS\VISUAL STUDIO 2010\PROJECTS\OPENPADPROJECT\COMPUTATIONALPHYSICSMODULES\DEBUG\COMPUTATIONALPHYSICSMODULES.PCH
C:\Users\Amichai\Documents\Visual Studio 2010\Projects\OpenPadProject\ComputationalPhysicsModules\Debug\ComputationalPhysicsModules.write.1.tlog
C:\Users\Amichai\Documents\Visual Studio 2010\Projects\OpenPadProject\ComputationalPhysicsModules\Debug\link.10304.read.1.tlog
C:\Users\Amichai\Documents\Visual Studio 2010\Projects\OpenPadProject\ComputationalPhysicsModules\Debug\link.10304.write.1.tlog
C:\Users\Amichai\Documents\Visual Studio 2010\Projects\OpenPadProject\ComputationalPhysicsModules\Debug\link.10304-cvtres.read.1.tlog
C:\Users\Amichai\Documents\Visual Studio 2010\Projects\OpenPadProject\ComputationalPhysicsModules\Debug\link.10304-cvtres.write.1.tlog
C:\Users\Amichai\Documents\Visual Studio 2010\Projects\OpenPadProject\ComputationalPhysicsModules\Debug\link.11400.read.1.tlog
C:\Users\Amichai\Documents\Visual Studio 2010\Projects\OpenPadProject\ComputationalPhysicsModules\Debug\link.11400.write.1.tlog
C:\Users\Amichai\Documents\Visual Studio 2010\Projects\OpenPadProject\ComputationalPhysicsModules\Debug\link.11400-cvtres.read.1.tlog
C:\Users\Amichai\Documents\Visual Studio 2010\Projects\OpenPadProject\ComputationalPhysicsModules\Debug\link.11400-cvtres.write.1.tlog
C:\Users\Amichai\Documents\Visual Studio 2010\Projects\OpenPadProject\ComputationalPhysicsModules\Debug\link.6604.read.1.tlog
C:\Users\Amichai\Documents\Visual Studio 2010\Projects\OpenPadProject\ComputationalPhysicsModules\Debug\link.6604.write.1.tlog
C:\Users\Amichai\Documents\Visual Studio 2010\Projects\OpenPadProject\ComputationalPhysicsModules\Debug\link.6604-cvtres.read.1.tlog
C:\Users\Amichai\Documents\Visual Studio 2010\Projects\OpenPadProject\ComputationalPhysicsModules\Debug\link.6604-cvtres.write.1.tlog
C:\Users\Amichai\Documents\Visual Studio 2010\Projects\OpenPadProject\ComputationalPhysicsModules\Debug\link.command.1.tlog
C:\Users\Amichai\Documents\Visual Studio 2010\Projects\OpenPadProject\ComputationalPhysicsModules\Debug\link.read.1.tlog
C:\Users\Amichai\Documents\Visual Studio 2010\Projects\OpenPadProject\ComputationalPhysicsModules\Debug\link.write.1.tlog
C:\Users\Amichai\Documents\Visual Studio 2010\Projects\OpenPadProject\ComputationalPhysicsModules\Debug\mt.command.1.tlog
C:\Users\Amichai\Documents\Visual Studio 2010\Projects\OpenPadProject\ComputationalPhysicsModules\Debug\mt.read.1.tlog
C:\Users\Amichai\Documents\Visual Studio 2010\Projects\OpenPadProject\ComputationalPhysicsModules\Debug\mt.write.1.tlog
C:\Users\Amichai\Documents\Visual Studio 2010\Projects\OpenPadProject\ComputationalPhysicsModules\Debug\rc.command.1.tlog
C:\Users\Amichai\Documents\Visual Studio 2010\Projects\OpenPadProject\ComputationalPhysicsModules\Debug\rc.read.1.tlog
C:\Users\Amichai\Documents\Visual Studio 2010\Projects\OpenPadProject\ComputationalPhysicsModules\Debug\rc.write.1.tlog
C:\USERS\AMICHAI\DOCUMENTS\VISUAL STUDIO 2010\PROJECTS\OPENPADPROJECT\COMPUTATIONALPHYSICSMODULES\DEBUG\STDAFX.OBJ
C:\USERS\AMICHAI\DOCUMENTS\VISUAL STUDIO 2010\PROJECTS\OPENPADPROJECT\COMPUTATIONALPHYSICSMODULES\DEBUG\VC100.PDB
C:\USERS\AMICHAI\DOCUMENTS\VISUAL STUDIO 2010\PROJECTS\OPENPADPROJECT\DEBUG\COMPUTATIONALPHYSICSMODULES.DLL
C:\USERS\AMICHAI\DOCUMENTS\VISUAL STUDIO 2010\PROJECTS\OPENPADPROJECT\DEBUG\COMPUTATIONALPHYSICSMODULES.ILK
C:\USERS\AMICHAI\DOCUMENTS\VISUAL STUDIO 2010\PROJECTS\OPENPADPROJECT\DEBUG\COMPUTATIONALPHYSICSMODULES.PDB
