Build started 9/11/2011 4:57:34 PM.
     1>Project "C:\Users\Amichai\Documents\Visual Studio 2010\Projects\OpenPadProject\ComputationalPhysicsModules\ComputationalPhysicsModules.vcxproj" on node 2 (build target(s)).
     1>InitializeBuildStatus:
         Creating "Debug\ComputationalPhysicsModules.unsuccessfulbuild" because "AlwaysCreate" was specified.
       GenerateTargetFrameworkMonikerAttribute:
       Skipping target "GenerateTargetFrameworkMonikerAttribute" because all output files are up-to-date with respect to the input files.
       ClCompile:
         All outputs are up-to-date.
         c:\Program Files (x86)\Microsoft Visual Studio 10.0\VC\bin\CL.exe /c /AI"C:\Program Files (x86)\Reference Assemblies\Microsoft\Framework\.NETFramework\v4.0" /Zi /clr /nologo /W3 /WX- /Od /Oy- /D WIN32 /D _DEBUG /D _WINDLL /D _UNICODE /D UNICODE /EHa /MDd /GS /fp:precise /Zc:wchar_t /Zc:forScope /Yu"StdAfx.h" /Fp"Debug\ComputationalPhysicsModules.pch" /Fo"Debug\\" /Fd"Debug\vc100.pdb" /TP /FU"C:\Program Files (x86)\Reference Assemblies\Microsoft\Framework\.NETFramework\v4.0\System.Core.dll" /FU"C:\Program Files (x86)\Reference Assemblies\Microsoft\Framework\.NETFramework\v4.0\System.Data.dll" /FU"C:\Program Files (x86)\Reference Assemblies\Microsoft\Framework\.NETFramework\v4.0\System.dll" /FU"C:\Program Files (x86)\Reference Assemblies\Microsoft\Framework\.NETFramework\v4.0\System.Xml.dll" /analyze- /errorReport:prompt ComputationalPhysicsModules.cpp /clr:nostdlib 
         ComputationalPhysicsModules.cpp
         All outputs are up-to-date.
       ResourceCompile:
         All outputs are up-to-date.
       Link:
         c:\Program Files (x86)\Microsoft Visual Studio 10.0\VC\bin\link.exe /ERRORREPORT:PROMPT /OUT:"C:\Users\Amichai\Documents\Visual Studio 2010\Projects\OpenPadProject\Debug\ComputationalPhysicsModules.dll" /INCREMENTAL /NOLOGO /MANIFEST /ManifestFile:"Debug\ComputationalPhysicsModules.dll.intermediate.manifest" /MANIFESTUAC:"level='asInvoker' uiAccess='false'" /DEBUG /PDB:"C:\Users\Amichai\Documents\Visual Studio 2010\Projects\OpenPadProject\Debug\ComputationalPhysicsModules.pdb" /ASSEMBLYDEBUG /TLBID:1 /DYNAMICBASE /FIXED:NO /NXCOMPAT /MACHINE:X86 /DLL Debug\app.res
         Debug\AssemblyInfo.obj
         Debug\ComputationalPhysicsModules.obj
         Debug\Stdafx.obj
         "Debug\.NETFramework,Version=v4.0.AssemblyAttributes.obj"
         ComputationalPhysicsModules.vcxproj -> C:\Users\Amichai\Documents\Visual Studio 2010\Projects\OpenPadProject\Debug\ComputationalPhysicsModules.dll
       Manifest:
         C:\Program Files (x86)\Microsoft SDKs\Windows\v7.0A\bin\mt.exe /nologo /verbose /outputresource:"C:\Users\Amichai\Documents\Visual Studio 2010\Projects\OpenPadProject\Debug\ComputationalPhysicsModules.dll;#2" /manifest Debug\ComputationalPhysicsModules.dll.intermediate.manifest
       FinalizeBuildStatus:
         Deleting file "Debug\ComputationalPhysicsModules.unsuccessfulbuild".
         Touching "Debug\ComputationalPhysicsModules.lastbuildstate".
     1>Done Building Project "C:\Users\Amichai\Documents\Visual Studio 2010\Projects\OpenPadProject\ComputationalPhysicsModules\ComputationalPhysicsModules.vcxproj" (build target(s)).

Build succeeded.

Time Elapsed 00:00:02.35
