C:\USERS\AMICHAI\DOCUMENTS\VISUAL STUDIO 2010\PROJECTS\OPENPADPROJECT\COMPPHYSICSMODULES\DEBUG\.NETFRAMEWORK,VERSION=V4.0.ASSEMBLYATTRIBUTES.OBJ
C:\Users\Amichai\Documents\Visual Studio 2010\Projects\OpenPadProject\CompPhysicsModules\Debug\cl.command.1.tlog
C:\Users\Amichai\Documents\Visual Studio 2010\Projects\OpenPadProject\CompPhysicsModules\Debug\CL.read.1.tlog
C:\Users\Amichai\Documents\Visual Studio 2010\Projects\OpenPadProject\CompPhysicsModules\Debug\CL.write.1.tlog
C:\USERS\AMICHAI\DOCUMENTS\VISUAL STUDIO 2010\PROJECTS\OPENPADPROJECT\COMPPHYSICSMODULES\DEBUG\COMPPHYSICSMODULES.EXE.EMBED.MANIFEST
C:\USERS\AMICHAI\DOCUMENTS\VISUAL STUDIO 2010\PROJECTS\OPENPADPROJECT\COMPPHYSICSMODULES\DEBUG\COMPPHYSICSMODULES.EXE.EMBED.MANIFEST.RES
C:\USERS\AMICHAI\DOCUMENTS\VISUAL STUDIO 2010\PROJECTS\OPENPADPROJECT\COMPPHYSICSMODULES\DEBUG\COMPPHYSICSMODULES.EXE.INTERMEDIATE.MANIFEST
C:\Users\Amichai\Documents\Visual Studio 2010\Projects\OpenPadProject\CompPhysicsModules\Debug\CompPhysicsModules.obj
C:\USERS\AMICHAI\DOCUMENTS\VISUAL STUDIO 2010\PROJECTS\OPENPADPROJECT\COMPPHYSICSMODULES\DEBUG\COMPPHYSICSMODULES.PCH
C:\Users\Amichai\Documents\Visual Studio 2010\Projects\OpenPadProject\CompPhysicsModules\Debug\CompPhysicsModules_manifest.rc
C:\Users\Amichai\Documents\Visual Studio 2010\Projects\OpenPadProject\CompPhysicsModules\Debug\link.10272.read.1.tlog
C:\Users\Amichai\Documents\Visual Studio 2010\Projects\OpenPadProject\CompPhysicsModules\Debug\link.10272.write.1.tlog
C:\Users\Amichai\Documents\Visual Studio 2010\Projects\OpenPadProject\CompPhysicsModules\Debug\link.10272-cvtres.read.1.tlog
C:\Users\Amichai\Documents\Visual Studio 2010\Projects\OpenPadProject\CompPhysicsModules\Debug\link.10272-cvtres.write.1.tlog
C:\Users\Amichai\Documents\Visual Studio 2010\Projects\OpenPadProject\CompPhysicsModules\Debug\link.10676.read.1.tlog
C:\Users\Amichai\Documents\Visual Studio 2010\Projects\OpenPadProject\CompPhysicsModules\Debug\link.10676.write.1.tlog
C:\Users\Amichai\Documents\Visual Studio 2010\Projects\OpenPadProject\CompPhysicsModules\Debug\link.10812.read.1.tlog
C:\Users\Amichai\Documents\Visual Studio 2010\Projects\OpenPadProject\CompPhysicsModules\Debug\link.10812.write.1.tlog
C:\Users\Amichai\Documents\Visual Studio 2010\Projects\OpenPadProject\CompPhysicsModules\Debug\link.11196.read.1.tlog
C:\Users\Amichai\Documents\Visual Studio 2010\Projects\OpenPadProject\CompPhysicsModules\Debug\link.11196.write.1.tlog
C:\Users\Amichai\Documents\Visual Studio 2010\Projects\OpenPadProject\CompPhysicsModules\Debug\link.11448.read.1.tlog
C:\Users\Amichai\Documents\Visual Studio 2010\Projects\OpenPadProject\CompPhysicsModules\Debug\link.11448.write.1.tlog
C:\Users\Amichai\Documents\Visual Studio 2010\Projects\OpenPadProject\CompPhysicsModules\Debug\link.11448-cvtres.read.1.tlog
C:\Users\Amichai\Documents\Visual Studio 2010\Projects\OpenPadProject\CompPhysicsModules\Debug\link.11448-cvtres.write.1.tlog
C:\Users\Amichai\Documents\Visual Studio 2010\Projects\OpenPadProject\CompPhysicsModules\Debug\link.5544.read.1.tlog
C:\Users\Amichai\Documents\Visual Studio 2010\Projects\OpenPadProject\CompPhysicsModules\Debug\link.5544.write.1.tlog
C:\Users\Amichai\Documents\Visual Studio 2010\Projects\OpenPadProject\CompPhysicsModules\Debug\link.6292.read.1.tlog
C:\Users\Amichai\Documents\Visual Studio 2010\Projects\OpenPadProject\CompPhysicsModules\Debug\link.6292.write.1.tlog
C:\Users\Amichai\Documents\Visual Studio 2010\Projects\OpenPadProject\CompPhysicsModules\Debug\link.6292-cvtres.read.1.tlog
C:\Users\Amichai\Documents\Visual Studio 2010\Projects\OpenPadProject\CompPhysicsModules\Debug\link.6292-cvtres.write.1.tlog
C:\Users\Amichai\Documents\Visual Studio 2010\Projects\OpenPadProject\CompPhysicsModules\Debug\link.916.read.1.tlog
C:\Users\Amichai\Documents\Visual Studio 2010\Projects\OpenPadProject\CompPhysicsModules\Debug\link.916.write.1.tlog
C:\Users\Amichai\Documents\Visual Studio 2010\Projects\OpenPadProject\CompPhysicsModules\Debug\link.command.1.tlog
C:\Users\Amichai\Documents\Visual Studio 2010\Projects\OpenPadProject\CompPhysicsModules\Debug\link.read.1.tlog
C:\Users\Amichai\Documents\Visual Studio 2010\Projects\OpenPadProject\CompPhysicsModules\Debug\link.write.1.tlog
C:\Users\Amichai\Documents\Visual Studio 2010\Projects\OpenPadProject\CompPhysicsModules\Debug\link-cvtres.read.1.tlog
C:\Users\Amichai\Documents\Visual Studio 2010\Projects\OpenPadProject\CompPhysicsModules\Debug\link-cvtres.write.1.tlog
C:\Users\Amichai\Documents\Visual Studio 2010\Projects\OpenPadProject\CompPhysicsModules\Debug\mt.command.1.tlog
C:\Users\Amichai\Documents\Visual Studio 2010\Projects\OpenPadProject\CompPhysicsModules\Debug\mt.read.1.tlog
C:\Users\Amichai\Documents\Visual Studio 2010\Projects\OpenPadProject\CompPhysicsModules\Debug\mt.write.1.tlog
C:\Users\Amichai\Documents\Visual Studio 2010\Projects\OpenPadProject\CompPhysicsModules\Debug\rc.command.1.tlog
C:\Users\Amichai\Documents\Visual Studio 2010\Projects\OpenPadProject\CompPhysicsModules\Debug\rc.read.1.tlog
C:\Users\Amichai\Documents\Visual Studio 2010\Projects\OpenPadProject\CompPhysicsModules\Debug\rc.write.1.tlog
C:\USERS\AMICHAI\DOCUMENTS\VISUAL STUDIO 2010\PROJECTS\OPENPADPROJECT\COMPPHYSICSMODULES\DEBUG\STDAFX.OBJ
C:\Users\Amichai\Documents\Visual Studio 2010\Projects\OpenPadProject\CompPhysicsModules\Debug\vc100.idb
C:\USERS\AMICHAI\DOCUMENTS\VISUAL STUDIO 2010\PROJECTS\OPENPADPROJECT\COMPPHYSICSMODULES\DEBUG\VC100.PDB
C:\USERS\AMICHAI\DOCUMENTS\VISUAL STUDIO 2010\PROJECTS\OPENPADPROJECT\DEBUG\COMPPHYSICSMODULES.EXE
C:\USERS\AMICHAI\DOCUMENTS\VISUAL STUDIO 2010\PROJECTS\OPENPADPROJECT\DEBUG\COMPPHYSICSMODULES.ILK
C:\USERS\AMICHAI\DOCUMENTS\VISUAL STUDIO 2010\PROJECTS\OPENPADPROJECT\DEBUG\COMPPHYSICSMODULES.PDB
